<?xml version="1.0" encoding="UTF-8"?>
<testng-results ignored="0" total="1" passed="1" failed="0" skipped="0">
  <reporter-output>
  </reporter-output>
  <suite started-at="2024-01-02T09:19:23Z" name="BDDSuite" finished-at="2024-01-02T09:19:23Z" duration-ms="22">
    <groups>
    </groups>
    <test started-at="2024-01-02T09:19:23Z" name="BDDTest" finished-at="2024-01-02T09:19:23Z" duration-ms="22">
      <class name="com.quickauto.testcases.HomePageTest">
        <test-method is-config="true" signature="setUp()[pri:0, instance:com.quickauto.testcases.HomePageTest@2a65fe7c]" started-at="2024-01-02T09:19:17Z" name="setUp" finished-at="2024-01-02T09:19:23Z" duration-ms="5504" status="PASS">
          <reporter-output>
          </reporter-output>
        </test-method> <!-- setUp -->
        <test-method signature="homePage()[pri:0, instance:com.quickauto.testcases.HomePageTest@2a65fe7c]" started-at="2024-01-02T09:19:23Z" name="homePage" finished-at="2024-01-02T09:19:23Z" duration-ms="1" status="PASS">
          <reporter-output>
          </reporter-output>
        </test-method> <!-- homePage -->
        <test-method is-config="true" signature="tearDown()[pri:0, instance:com.quickauto.testcases.HomePageTest@2a65fe7c]" started-at="2024-01-02T09:19:23Z" name="tearDown" finished-at="2024-01-02T09:19:23Z" duration-ms="298" status="PASS">
          <reporter-output>
          </reporter-output>
        </test-method> <!-- tearDown -->
      </class> <!-- com.quickauto.testcases.HomePageTest -->
    </test> <!-- BDDTest -->
  </suite> <!-- BDDSuite -->
</testng-results>
