<?xml version="1.0" encoding="UTF-8"?>
<testng-results ignored="0" total="1" passed="1" failed="0" skipped="0">
  <reporter-output>
  </reporter-output>
  <suite started-at="2024-01-02T13:09:36Z" name="Default suite" finished-at="2024-01-02T13:09:38Z" duration-ms="1624">
    <groups>
    </groups>
    <test started-at="2024-01-02T13:09:36Z" name="Default test" finished-at="2024-01-02T13:09:38Z" duration-ms="1624">
      <class name="com.quickauto.testcases.LogInTest">
        <test-method is-config="true" signature="setUp()[pri:0, instance:com.quickauto.testcases.LogInTest@5f9be66c]" started-at="2024-01-02T13:09:32Z" name="setUp" finished-at="2024-01-02T13:09:36Z" duration-ms="4532" status="PASS">
          <reporter-output>
          </reporter-output>
        </test-method> <!-- setUp -->
        <test-method signature="LogIn()[pri:0, instance:com.quickauto.testcases.LogInTest@5f9be66c]" started-at="2024-01-02T13:09:36Z" name="LogIn" finished-at="2024-01-02T13:09:38Z" duration-ms="1591" status="PASS">
          <reporter-output>
          </reporter-output>
        </test-method> <!-- LogIn -->
        <test-method is-config="true" signature="tearDown()[pri:0, instance:com.quickauto.testcases.LogInTest@5f9be66c]" started-at="2024-01-02T13:09:38Z" name="tearDown" finished-at="2024-01-02T13:09:38Z" duration-ms="436" status="PASS">
          <reporter-output>
          </reporter-output>
        </test-method> <!-- tearDown -->
      </class> <!-- com.quickauto.testcases.LogInTest -->
    </test> <!-- Default test -->
  </suite> <!-- Default suite -->
</testng-results>
